Starting Dapr with id ServiceA. HTTP Port: 3501. gRPC Port: 50001
Updating metadata for cliPID: 73260
time="2026-02-01T16:22:59.0861105+02:00" level=info msg="Starting Dapr Runtime -- version 1.16.8 -- commit 9f4e6018a5eed51ee33a54e5852bb2174c2fec61" app_id=ServiceA instance=AP-JTNCFB4 scope=dapr.runtime type=log ver=1.16.8
time="2026-02-01T16:22:59.0861105+02:00" level=info msg="Log level set to: info" app_id=ServiceA instance=AP-JTNCFB4 scope=dapr.runtime type=log ver=1.16.8
time="2026-02-01T16:22:59.0866272+02:00" level=warning msg="mTLS is disabled. Skipping certificate request and tls validation" app_id=ServiceA instance=AP-JTNCFB4 scope=dapr.runtime.security type=log ver=1.16.8
time="2026-02-01T16:22:59.0906346+02:00" level=info msg="Enabled features: SchedulerReminders" app_id=ServiceA instance=AP-JTNCFB4 scope=dapr.runtime type=log ver=1.16.8
time="2026-02-01T16:22:59.0906346+02:00" level=info msg="metric spec: {\"enabled\":true}" app_id=ServiceA instance=AP-JTNCFB4 scope=dapr.runtime.diagnostics type=log ver=1.16.8
time="2026-02-01T16:22:59.0906346+02:00" level=info msg="Using default latency distribution buckets: [1 2 3 4 5 6 8 10 13 16 20 25 30 40 50 65 80 100 130 160 200 250 300 400 500 650 800 1000 2000 5000 10000 20000 50000 100000]" app_id=ServiceA instance=AP-JTNCFB4 scope=dapr.runtime.diagnostics type=log ver=1.16.8
time="2026-02-01T16:22:59.0906346+02:00" level=warning msg="The default value for 'spec.metric.http.increasedCardinality' will change to 'false' in Dapr 1.15 or later" app_id=ServiceA instance=AP-JTNCFB4 scope=dapr.runtime.diagnostics type=log ver=1.16.8
time="2026-02-01T16:22:59.0916351+02:00" level=info msg="standalone mode configured" app_id=ServiceA instance=AP-JTNCFB4 scope=dapr.runtime type=log ver=1.16.8
time="2026-02-01T16:22:59.0916351+02:00" level=info msg="app id: ServiceA" app_id=ServiceA instance=AP-JTNCFB4 scope=dapr.runtime type=log ver=1.16.8
time="2026-02-01T16:22:59.0916351+02:00" level=info msg="Dapr trace sampler initialized: ParentBased{root:AlwaysOnSampler,remoteParentSampled:AlwaysOnSampler,remoteParentNotSampled:AlwaysOffSampler,localParentSampled:AlwaysOnSampler,localParentNotSampled:AlwaysOffSampler}" app_id=ServiceA instance=AP-JTNCFB4 scope=dapr.runtime type=log ver=1.16.8
time="2026-02-01T16:22:59.0916351+02:00" level=info msg="metrics server started on 0.0.0.0:9091/" app_id=ServiceA instance=AP-JTNCFB4 scope=dapr.runtime type=log ver=1.16.8
time="2026-02-01T16:22:59.1165718+02:00" level=info msg="local service entry announced: ServiceA -> 192.168.1.166:55940" app_id=ServiceA component="nr (mdns/v1)" instance=AP-JTNCFB4 scope=dapr.contrib type=log ver=1.16.8
time="2026-02-01T16:22:59.1165718+02:00" level=info msg="Initialized name resolution to mdns" app_id=ServiceA instance=AP-JTNCFB4 scope=dapr.runtime type=log ver=1.16.8
time="2026-02-01T16:22:59.1170881+02:00" level=info msg="Loading components…" app_id=ServiceA instance=AP-JTNCFB4 scope=dapr.runtime type=log ver=1.16.8
time="2026-02-01T16:22:59.1175992+02:00" level=info msg="Waiting for all outstanding components to be processed…" app_id=ServiceA instance=AP-JTNCFB4 scope=dapr.runtime type=log ver=1.16.8
time="2026-02-01T16:22:59.1181216+02:00" level=info msg="All outstanding components processed" app_id=ServiceA instance=AP-JTNCFB4 scope=dapr.runtime type=log ver=1.16.8
time="2026-02-01T16:22:59.1181216+02:00" level=info msg="Loading endpoints…" app_id=ServiceA instance=AP-JTNCFB4 scope=dapr.runtime type=log ver=1.16.8
time="2026-02-01T16:22:59.1182874+02:00" level=info msg="Waiting for all outstanding http endpoints to be processed…" app_id=ServiceA instance=AP-JTNCFB4 scope=dapr.runtime type=log ver=1.16.8
time="2026-02-01T16:22:59.1182874+02:00" level=info msg="All outstanding http endpoints processed" app_id=ServiceA instance=AP-JTNCFB4 scope=dapr.runtime type=log ver=1.16.8
time="2026-02-01T16:22:59.1182874+02:00" level=info msg="Loading Declarative Subscriptions…" app_id=ServiceA instance=AP-JTNCFB4 scope=dapr.runtime type=log ver=1.16.8
time="2026-02-01T16:22:59.1195186+02:00" level=info msg="gRPC server listening on TCP address: :50001" app_id=ServiceA instance=AP-JTNCFB4 scope=dapr.runtime.grpc.api type=log ver=1.16.8
time="2026-02-01T16:22:59.1195186+02:00" level=info msg="Enabled gRPC tracing middleware" app_id=ServiceA instance=AP-JTNCFB4 scope=dapr.runtime.grpc.api type=log ver=1.16.8
time="2026-02-01T16:22:59.1195186+02:00" level=info msg="Enabled gRPC metrics middleware" app_id=ServiceA instance=AP-JTNCFB4 scope=dapr.runtime.grpc.api type=log ver=1.16.8
time="2026-02-01T16:22:59.1195186+02:00" level=info msg="Registering workflow engine for gRPC endpoint: [::]:50001" app_id=ServiceA instance=AP-JTNCFB4 scope=dapr.runtime.grpc.api type=log ver=1.16.8
time="2026-02-01T16:22:59.1195186+02:00" level=info msg="API gRPC server is running on port 50001" app_id=ServiceA instance=AP-JTNCFB4 scope=dapr.runtime type=log ver=1.16.8
time="2026-02-01T16:22:59.1195186+02:00" level=warning msg="The default value for 'spec.metric.http.increasedCardinality' will change to 'false' in Dapr 1.15 or later" app_id=ServiceA instance=AP-JTNCFB4 scope=dapr.runtime.http type=log ver=1.16.8
time="2026-02-01T16:22:59.1200215+02:00" level=info msg="Enabled max body size HTTP middleware with size 4194304 bytes" app_id=ServiceA instance=AP-JTNCFB4 scope=dapr.runtime.http type=log ver=1.16.8
time="2026-02-01T16:22:59.1200215+02:00" level=info msg="Enabled tracing HTTP middleware" app_id=ServiceA instance=AP-JTNCFB4 scope=dapr.runtime.http type=log ver=1.16.8
time="2026-02-01T16:22:59.1200215+02:00" level=info msg="Enabled metrics HTTP middleware" app_id=ServiceA instance=AP-JTNCFB4 scope=dapr.runtime.http type=log ver=1.16.8
time="2026-02-01T16:22:59.1200215+02:00" level=info msg="HTTP server listening on TCP address: :3501" app_id=ServiceA instance=AP-JTNCFB4 scope=dapr.runtime.http type=log ver=1.16.8
time="2026-02-01T16:22:59.1200215+02:00" level=info msg="HTTP server is running on port 3501" app_id=ServiceA instance=AP-JTNCFB4 scope=dapr.runtime type=log ver=1.16.8
time="2026-02-01T16:22:59.1200215+02:00" level=info msg="The request body size parameter is: 4194304 bytes" app_id=ServiceA instance=AP-JTNCFB4 scope=dapr.runtime type=log ver=1.16.8
time="2026-02-01T16:22:59.1200215+02:00" level=info msg="gRPC server listening on TCP address: :55940" app_id=ServiceA instance=AP-JTNCFB4 scope=dapr.runtime.grpc.internal type=log ver=1.16.8
time="2026-02-01T16:22:59.1200215+02:00" level=info msg="Enabled gRPC tracing middleware" app_id=ServiceA instance=AP-JTNCFB4 scope=dapr.runtime.grpc.internal type=log ver=1.16.8
time="2026-02-01T16:22:59.1200215+02:00" level=info msg="Enabled gRPC metrics middleware" app_id=ServiceA instance=AP-JTNCFB4 scope=dapr.runtime.grpc.internal type=log ver=1.16.8
time="2026-02-01T16:22:59.1205282+02:00" level=info msg="Internal gRPC server is running on :55940" app_id=ServiceA instance=AP-JTNCFB4 scope=dapr.runtime type=log ver=1.16.8
time="2026-02-01T16:22:59.1205282+02:00" level=info msg="application protocol: http. waiting on port 5001.  This will block until the app is listening on that port." app_id=ServiceA instance=AP-JTNCFB4 scope=dapr.runtime type=log ver=1.16.8
time="2026-02-01T16:22:59.1517921+02:00" level=info msg="Connected and received scheduler hosts addresses: [localhost:6060]" app_id=ServiceA instance=AP-JTNCFB4 scope=dapr.runtime.scheduler.watchhosts type=log ver=1.16.8
time="2026-02-01T16:22:59.1517921+02:00" level=info msg="Scheduler client initialized for address: localhost:6060" app_id=ServiceA instance=AP-JTNCFB4 scope=dapr.runtime.scheduler.clients type=log ver=1.16.8
time="2026-02-01T16:22:59.1517921+02:00" level=info msg="Scheduler clients initialized" app_id=ServiceA instance=AP-JTNCFB4 scope=dapr.runtime.scheduler.clients type=log ver=1.16.8
Updating metadata for app command: dotnet run
Updating metadata for appPID: 58464
You're up and running! Dapr logs will appear here.

time="2026-02-01T16:23:02.4474449+02:00" level=info msg="application discovered on port 5001" app_id=ServiceA instance=AP-JTNCFB4 scope=dapr.runtime type=log ver=1.16.8
time="2026-02-01T16:23:02.4481709+02:00" level=info msg="actors: state store is not configured - this is okay for clients but services with hosted actors will fail to initialize!" app_id=ServiceA instance=AP-JTNCFB4 scope=dapr.runtime type=log ver=1.16.8
time="2026-02-01T16:23:02.4481709+02:00" level=info msg="Actor state store not configured - actor hosting disabled, but invocation enabled" app_id=ServiceA instance=AP-JTNCFB4 scope=dapr.runtime.actor type=log ver=1.16.8
time="2026-02-01T16:23:02.4481709+02:00" level=info msg="Actor runtime started" app_id=ServiceA instance=AP-JTNCFB4 scope=dapr.runtime.actor type=log ver=1.16.8
time="2026-02-01T16:23:02.4481709+02:00" level=warning msg="Graceful shutdown timeout is infinite, will wait indefinitely to shutdown" app_id=ServiceA instance=AP-JTNCFB4 scope=dapr.runtime.actor type=log ver=1.16.8
time="2026-02-01T16:23:02.4481709+02:00" level=info msg="worker started with backend dapr.actors/v1" app_id=ServiceA instance=AP-JTNCFB4 scope=dapr.wfengine.durabletask.backend type=log ver=1.16.8
time="2026-02-01T16:23:02.4481709+02:00" level=info msg="Workflow engine started" app_id=ServiceA instance=AP-JTNCFB4 scope=dapr.runtime.wfengine type=log ver=1.16.8
time="2026-02-01T16:23:02.4486753+02:00" level=info msg="Reporting actor types: []" app_id=ServiceA instance=AP-JTNCFB4 scope=dapr.runtime.actors.placement type=log ver=1.16.8
time="2026-02-01T16:23:02.4486753+02:00" level=info msg="Connected to placement localhost:6050" app_id=ServiceA instance=AP-JTNCFB4 scope=dapr.runtime.actors.placement.client.connector.static type=log ver=1.16.8
time="2026-02-01T16:23:02.4527025+02:00" level=info msg="Connected to placement localhost:6050" app_id=ServiceA instance=AP-JTNCFB4 scope=dapr.runtime.actors.placement.client type=log ver=1.16.8
time="2026-02-01T16:23:02.4970614+02:00" level=info msg="Placement tables updated, version: 0" app_id=ServiceA instance=AP-JTNCFB4 scope=dapr.runtime.actors.placement type=log ver=1.16.8
time="2026-02-01T16:23:02.5246884+02:00" level=info msg="Application configuration loaded" app_id=ServiceA instance=AP-JTNCFB4 scope=dapr.runtime type=log ver=1.16.8
time="2026-02-01T16:23:02.5246884+02:00" level=info msg="dapr initialized. Status: Running. Init Elapsed 3433ms" app_id=ServiceA instance=AP-JTNCFB4 scope=dapr.runtime type=log ver=1.16.8
time="2026-02-01T16:23:02.5246884+02:00" level=info msg="Scheduler stream connected for [JOB_TARGET_TYPE_JOB]" app_id=ServiceA instance=AP-JTNCFB4 scope=dapr.runtime.scheduler.cluster type=log ver=1.16.8
time="2026-02-01T16:23:02.5246884+02:00" level=info msg="Scheduler stream connected for [JOB_TARGET_TYPE_JOB]" app_id=ServiceA instance=AP-JTNCFB4 scope=dapr.runtime.scheduler.cluster type=log ver=1.16.8
time="2026-02-01T16:23:02.5246884+02:00" level=info msg="Scheduler stream connected for [JOB_TARGET_TYPE_JOB]" app_id=ServiceA instance=AP-JTNCFB4 scope=dapr.runtime.scheduler.cluster type=log ver=1.16.8

termination signal received: shutting down
Exited Dapr successfully
